c:\users\jellek\desktop\programowanie\sdizo2\sdizo2-grafy\sdizo2-grafy\x64\release\vc142.pdb
c:\users\jellek\desktop\programowanie\sdizo2\sdizo2-grafy\sdizo2-grafy\x64\release\timemeasure.obj
c:\users\jellek\desktop\programowanie\sdizo2\sdizo2-grafy\sdizo2-grafy\x64\release\algoritmreturns.obj
c:\users\jellek\desktop\programowanie\sdizo2\sdizo2-grafy\sdizo2-grafy\x64\release\sdizo2-grafy.obj
c:\users\jellek\desktop\programowanie\sdizo2\sdizo2-grafy\sdizo2-grafy\x64\release\menu.obj
c:\users\jellek\desktop\programowanie\sdizo2\sdizo2-grafy\sdizo2-grafy\x64\release\list.obj
c:\users\jellek\desktop\programowanie\sdizo2\sdizo2-grafy\sdizo2-grafy\x64\release\heap.obj
c:\users\jellek\desktop\programowanie\sdizo2\sdizo2-grafy\sdizo2-grafy\x64\release\disjointsets.obj
c:\users\jellek\desktop\programowanie\sdizo2\sdizo2-grafy\sdizo2-grafy\x64\release\adjacencymatrix.obj
c:\users\jellek\desktop\programowanie\sdizo2\sdizo2-grafy\sdizo2-grafy\x64\release\adjacencylist.obj
c:\users\jellek\desktop\programowanie\sdizo2\sdizo2-grafy\x64\release\sdizo2-grafy.exe
c:\users\jellek\desktop\programowanie\sdizo2\sdizo2-grafy\x64\release\sdizo2-grafy.pdb
c:\users\jellek\desktop\programowanie\sdizo2\sdizo2-grafy\sdizo2-grafy\x64\release\sdizo2-grafy.res
c:\users\jellek\desktop\programowanie\sdizo2\sdizo2-grafy\x64\release\sdizo2-grafy.ipdb
c:\users\jellek\desktop\programowanie\sdizo2\sdizo2-grafy\x64\release\sdizo2-grafy.iobj
c:\users\jellek\desktop\programowanie\sdizo2\sdizo2-grafy\sdizo2-grafy\x64\release\sdizo2-grafy.tlog\cl.command.1.tlog
c:\users\jellek\desktop\programowanie\sdizo2\sdizo2-grafy\sdizo2-grafy\x64\release\sdizo2-grafy.tlog\cl.read.1.tlog
c:\users\jellek\desktop\programowanie\sdizo2\sdizo2-grafy\sdizo2-grafy\x64\release\sdizo2-grafy.tlog\cl.write.1.tlog
c:\users\jellek\desktop\programowanie\sdizo2\sdizo2-grafy\sdizo2-grafy\x64\release\sdizo2-grafy.tlog\link.command.1.tlog
c:\users\jellek\desktop\programowanie\sdizo2\sdizo2-grafy\sdizo2-grafy\x64\release\sdizo2-grafy.tlog\link.read.1.tlog
c:\users\jellek\desktop\programowanie\sdizo2\sdizo2-grafy\sdizo2-grafy\x64\release\sdizo2-grafy.tlog\link.write.1.tlog
c:\users\jellek\desktop\programowanie\sdizo2\sdizo2-grafy\sdizo2-grafy\x64\release\sdizo2-grafy.tlog\rc.command.1.tlog
c:\users\jellek\desktop\programowanie\sdizo2\sdizo2-grafy\sdizo2-grafy\x64\release\sdizo2-grafy.tlog\rc.read.1.tlog
c:\users\jellek\desktop\programowanie\sdizo2\sdizo2-grafy\sdizo2-grafy\x64\release\sdizo2-grafy.tlog\rc.write.1.tlog
c:\users\jellek\desktop\programowanie\sdizo2\sdizo2-grafy\sdizo2-grafy\x64\release\sdizo2-grafy.tlog\sdizo2-grafy.write.1u.tlog
